28-06-2025_07:38:03 ---- daksh-portfolio.cctlds.online returned HTTP 200
28-06-2025_07:38:05 ---- www.google.com returned HTTP 200
28-06-2025_07:38:05 ---- www.youtube.com returned HTTP 200
28-06-2025_07:38:06 ---- example23456.com returned HTTP 
===========================================
28-06-2025_07:38:38 ---- daksh-portfolio.cctlds.online returned HTTP 200
28-06-2025_07:38:39 ---- www.google.com returned HTTP 200
28-06-2025_07:38:39 ---- www.youtube.com returned HTTP 200
28-06-2025_07:38:40 ---- example23456.com returned HTTP 
===========================================
28-06-2025_07:40:26 ---- daksh-portfolio.cctlds.online returned HTTP 200
28-06-2025_07:40:26 ---- www.google.com returned HTTP 200
28-06-2025_07:40:27 ---- www.youtube.com returned HTTP 200
===========================================
28-06-2025_07:41:18 ---- daksh-portfolio.cctlds.online returned HTTP 200
28-06-2025_07:41:19 ---- www.google.com returned HTTP 200
28-06-2025_07:41:19 ---- www.youtube.com returned HTTP 200
28-06-2025_07:41:20 ---- example23456.com returned HTTP 
===========================================
28-06-2025_07:43:35 ---- daksh-portfolio.cctlds.online returned HTTP 200:-404
28-06-2025_07:43:35 ---- www.google.com returned HTTP 200:-404
28-06-2025_07:43:35 ---- www.youtube.com returned HTTP 200:-404
28-06-2025_07:43:36 ---- example23456.com returned HTTP :-404
===========================================
28-06-2025_07:43:47 ---- daksh-portfolio.cctlds.online returned HTTP 200
28-06-2025_07:43:48 ---- www.google.com returned HTTP 200
28-06-2025_07:43:48 ---- www.youtube.com returned HTTP 200
28-06-2025_07:43:49 ---- example23456.com returned HTTP 404
===========================================
28-06-2025_07:49:56 ---- daksh-portfolio.cctlds.online returned HTTP 200
28-06-2025_07:49:57 ---- www.google.com returned HTTP 200
28-06-2025_07:49:57 ---- www.youtube.com returned HTTP 200
28-06-2025_07:49:59 ---- example23456.com returned HTTP 404
===========================================
28-06-2025_07:51:57 ---- daksh-portfolio.cctlds.online returned HTTP 200
28-06-2025_07:51:57 ---- www.google.com returned HTTP 200
28-06-2025_07:51:58 ---- www.youtube.com returned HTTP 200
28-06-2025_07:52:00 ---- example23456.com returned HTTP 404
===========================================
28-06-2025_07:52:22 ---- daksh-portfolio.cctlds.online returned HTTP 200
28-06-2025_07:52:22 ---- www.google.com returned HTTP 200
28-06-2025_07:52:23 ---- www.youtube.com returned HTTP 200
28-06-2025_07:52:23 ---- example23456.com returned HTTP 404
===========================================
28-06-2025_07:53:41 ---- daksh-portfolio.cctlds.online returned HTTP 200
28-06-2025_07:53:42 ---- www.google.com returned HTTP 200
28-06-2025_07:53:43 ---- www.youtube.com returned HTTP 200
28-06-2025_07:53:45 ---- example23456.com returned HTTP 404
===========================================
28-06-2025_07:54:14 ---- daksh-portfolio.cctlds.online returned HTTP 200
28-06-2025_07:54:14 ---- www.google.com returned HTTP 200
28-06-2025_07:54:15 ---- www.youtube.com returned HTTP 200
28-06-2025_07:54:15 ---- example23456.com returned HTTP 404
===========================================
28-06-2025_07:55:06 ---- daksh-portfolio.cctlds.online returned HTTP 200
28-06-2025_07:55:07 ---- www.google.com returned HTTP 200
28-06-2025_07:55:08 ---- www.youtube.com returned HTTP 200
28-06-2025_07:55:08 ---- example23456.com returned HTTP 404
===========================================
28-06-2025_07:56:21 ---- daksh-portfolio.cctlds.online returned HTTP 200
28-06-2025_07:56:22 ---- www.google.com returned HTTP 200
28-06-2025_07:56:23 ---- www.youtube.com returned HTTP 200
28-06-2025_07:56:25 ---- example23456.com returned HTTP 404
===========================================
28-06-2025_08:00:15 ---- daksh-portfolio.cctlds.online returned HTTP 200
28-06-2025_08:00:15 ---- www.google.com returned HTTP 200
28-06-2025_08:00:16 ---- www.youtube.com returned HTTP 200
28-06-2025_08:00:16 ---- example23456.com returned HTTP 404
===========================================
28-06-2025_08:00:37 ---- daksh-portfolio.cctlds.online returned HTTP 200
28-06-2025_08:00:37 ---- www.google.com returned HTTP 200
28-06-2025_08:00:37 ---- www.youtube.com returned HTTP 200
28-06-2025_08:00:38 ---- example23456.com returned HTTP 404
===========================================
28-06-2025_08:01:02 ---- daksh-portfolio.cctlds.online returned HTTP 200
28-06-2025_08:01:03 ---- www.google.com returned HTTP 200
28-06-2025_08:01:03 ---- www.youtube.com returned HTTP 200
28-06-2025_08:01:04 ---- example23456.com returned HTTP 404
===========================================
28-06-2025_08:02:35 ---- daksh-portfolio.cctlds.online returned HTTP 200
28-06-2025_08:02:36 ---- www.google.com returned HTTP 200
28-06-2025_08:02:36 ---- www.youtube.com returned HTTP 200
28-06-2025_08:02:37 ---- example23456.com returned HTTP 404
===========================================
28-06-2025_08:02:54 ---- daksh-portfolio.cctlds.online returned HTTP 200
28-06-2025_08:02:55 ---- www.google.com returned HTTP 200
28-06-2025_08:02:56 ---- www.youtube.com returned HTTP 200
28-06-2025_08:02:56 ---- example23456.com returned HTTP 404
===========================================
28-06-2025_08:03:58 ---- daksh-portfolio.cctlds.online returned HTTP 200
28-06-2025_08:03:59 ---- www.google.com returned HTTP 200
28-06-2025_08:03:59 ---- www.youtube.com returned HTTP 200
28-06-2025_08:04:00 ---- example23456.com returned HTTP 404
===========================================
28-06-2025_08:04:05 ---- daksh-portfolio.cctlds.online returned HTTP 200
28-06-2025_08:04:05 ---- www.google.com returned HTTP 200
28-06-2025_08:04:06 ---- www.youtube.com returned HTTP 200
28-06-2025_08:04:06 ---- example23456.com returned HTTP 404
===========================================
28-06-2025_08:04:11 ---- daksh-portfolio.cctlds.online returned HTTP 200
28-06-2025_08:04:11 ---- www.google.com returned HTTP 200
28-06-2025_08:04:11 ---- www.youtube.com returned HTTP 200
28-06-2025_08:04:12 ---- example23456.com returned HTTP 404
===========================================
28-06-2025_08:04:18 ---- daksh-portfolio.cctlds.online returned HTTP 200
28-06-2025_08:04:19 ---- www.google.com returned HTTP 200
28-06-2025_08:04:19 ---- www.youtube.com returned HTTP 200
28-06-2025_08:04:20 ---- example23456.com returned HTTP 404
===========================================
28-06-2025_08:04:25 ---- daksh-portfolio.cctlds.online returned HTTP 200
28-06-2025_08:04:26 ---- www.google.com returned HTTP 200
28-06-2025_08:04:29 ---- www.youtube.com returned HTTP 200
28-06-2025_08:04:29 ---- example23456.com returned HTTP 404
===========================================
28-06-2025_08:04:40 ---- daksh-portfolio.cctlds.online returned HTTP 200
28-06-2025_08:04:41 ---- www.google.com returned HTTP 200
28-06-2025_08:04:41 ---- www.youtube.com returned HTTP 200
28-06-2025_08:04:42 ---- example23456.com returned HTTP 404
===========================================
28-06-2025_08:32:59 ---- daksh-portfolio.cctlds.online returned HTTP 200
28-06-2025_08:32:59 ---- www.google.com returned HTTP 200
28-06-2025_08:32:59 ---- www.youtube.com returned HTTP 200
28-06-2025_08:33:00 ---- example23456.com returned HTTP 404
===========================================
28-06-2025_08:36:07 ---- daksh-portfolio.cctlds.online returned HTTP 200
28-06-2025_08:36:08 ---- www.google.com returned HTTP 200
28-06-2025_08:36:08 ---- www.youtube.com returned HTTP 200
28-06-2025_08:36:09 ---- example23456.com returned HTTP 404
===========================================
28-06-2025_08:36:32 ---- daksh-portfolio.cctlds.online returned HTTP 200
28-06-2025_08:36:32 ---- www.google.com returned HTTP 200
28-06-2025_08:36:33 ---- www.youtube.com returned HTTP 200
28-06-2025_08:36:33 ---- example23456.com returned HTTP 404
===========================================
28-06-2025_08:38:10 ---- daksh-portfolio.cctlds.online returned HTTP 200
28-06-2025_08:38:11 ---- www.google.com returned HTTP 200
28-06-2025_08:38:11 ---- www.youtube.com returned HTTP 200
28-06-2025_08:38:11 ---- example23456.com returned HTTP 404
===========================================
28-06-2025_08:38:53 ---- daksh-portfolio.cctlds.online returned HTTP 200
28-06-2025_08:38:54 ---- www.google.com returned HTTP 200
28-06-2025_08:38:55 ---- www.youtube.com returned HTTP 200
28-06-2025_08:38:55 ---- example23456.com returned HTTP 404
===========================================
28-06-2025_08:39:04 ---- daksh-portfolio.cctlds.online returned HTTP 200
28-06-2025_08:39:05 ---- www.google.com returned HTTP 200
28-06-2025_08:39:06 ---- www.youtube.com returned HTTP 200
28-06-2025_08:39:07 ---- example23456.com returned HTTP 404
===========================================
28-06-2025_08:39:16 ---- daksh-portfolio.cctlds.online returned HTTP 200
28-06-2025_08:39:17 ---- www.google.com returned HTTP 200
28-06-2025_08:39:17 ---- www.youtube.com returned HTTP 200
28-06-2025_08:39:17 ---- example23456.com returned HTTP 404
===========================================
